build/outputs/logs/manifest-merger-debug-report.txt
-- Merging decision tree log ---
manifest
<<<<<<< HEAD
ADDED from anom\AndroidManifest.xml:2:1-54:12
	package
		ADDED from anom\AndroidManifest.xml:3:5-41
	android:versionName
		ADDED from anom\AndroidManifest.xml:5:5-32
		INJECTED from anom\AndroidManifest.xml
		INJECTED from anom\AndroidManifest.xml
	android:versionCode
		ADDED from anom\AndroidManifest.xml:4:5-29
		INJECTED from anom\AndroidManifest.xml
		INJECTED from anom\AndroidManifest.xml
	xmlns:android
		ADDED from anom\AndroidManifest.xml:2:11-69
uses-sdk
ADDED from anom\AndroidManifest.xml:7:5-9:41
MERGED from [com.android.support:support-v4:22.1.1] AndroidManifest.xml:20:5-43
MERGED from [com.android.support.constraint:constraint-layout:1.0.0-alpha9] AndroidManifest.xml:5:5-7:41
	android:targetSdkVersion
		ADDED from anom\AndroidManifest.xml:9:9-38
		INJECTED from anom\AndroidManifest.xml
		INJECTED from anom\AndroidManifest.xml
	android:minSdkVersion
		ADDED from anom\AndroidManifest.xml:8:9-35
		INJECTED from anom\AndroidManifest.xml
		INJECTED from anom\AndroidManifest.xml
uses-feature#android.hardware.usb.host
ADDED from anom\AndroidManifest.xml:11:5-62
	android:name
		ADDED from anom\AndroidManifest.xml:11:19-59
uses-permission#android.permission.USB_PERMISSION
ADDED from anom\AndroidManifest.xml:13:5-73
	android:name
		ADDED from anom\AndroidManifest.xml:13:22-70
uses-permission#android.permission.INTERNET
ADDED from anom\AndroidManifest.xml:14:5-67
	android:name
		ADDED from anom\AndroidManifest.xml:14:22-64
uses-permission#android.permission.ACCESS_NETWORK_STATE
ADDED from anom\AndroidManifest.xml:15:5-79
	android:name
		ADDED from anom\AndroidManifest.xml:15:22-76
uses-permission#android.permission.ACCESS_WIFI_STATE
ADDED from anom\AndroidManifest.xml:16:5-76
	android:name
		ADDED from anom\AndroidManifest.xml:16:22-73
application
ADDED from anom\AndroidManifest.xml:18:5-52:19
MERGED from [com.android.support:support-v4:22.1.1] AndroidManifest.xml:22:5-20
MERGED from [com.android.support.constraint:constraint-layout:1.0.0-alpha9] AndroidManifest.xml:9:5-20
	android:label
		ADDED from anom\AndroidManifest.xml:22:9-41
	android:hardwareAccelerated
		ADDED from anom\AndroidManifest.xml:20:9-43
	android:allowBackup
		ADDED from anom\AndroidManifest.xml:19:9-35
	android:icon
		ADDED from anom\AndroidManifest.xml:21:9-45
	android:theme
		ADDED from anom\AndroidManifest.xml:23:9-40
activity#com.appspot.usbhidterminal.USBHIDTerminal
ADDED from anom\AndroidManifest.xml:24:9-33:20
	android:screenOrientation
		ADDED from anom\AndroidManifest.xml:27:13-49
	android:label
		ADDED from anom\AndroidManifest.xml:26:13-45
	android:name
		ADDED from anom\AndroidManifest.xml:25:13-43
intent-filter#android.intent.action.MAIN+android.intent.category.LAUNCHER
ADDED from anom\AndroidManifest.xml:28:13-32:29
action#android.intent.action.MAIN
ADDED from anom\AndroidManifest.xml:29:17-69
	android:name
		ADDED from anom\AndroidManifest.xml:29:25-66
category#android.intent.category.LAUNCHER
ADDED from anom\AndroidManifest.xml:31:17-77
	android:name
		ADDED from anom\AndroidManifest.xml:31:27-74
service#com.appspot.usbhidterminal.core.services.USBHIDService
ADDED from anom\AndroidManifest.xml:35:9-38:48
	android:label
		ADDED from anom\AndroidManifest.xml:38:13-45
	android:icon
		ADDED from anom\AndroidManifest.xml:37:13-49
	android:name
		ADDED from anom\AndroidManifest.xml:36:13-56
service#com.appspot.usbhidterminal.core.services.WebServerService
ADDED from anom\AndroidManifest.xml:39:9-42:50
	android:label
		ADDED from anom\AndroidManifest.xml:42:13-47
	android:icon
		ADDED from anom\AndroidManifest.xml:41:13-49
	android:name
		ADDED from anom\AndroidManifest.xml:40:13-59
service#com.appspot.usbhidterminal.core.services.SocketService
ADDED from anom\AndroidManifest.xml:43:9-46:53
	android:label
		ADDED from anom\AndroidManifest.xml:46:13-50
	android:icon
		ADDED from anom\AndroidManifest.xml:45:13-49
	android:name
		ADDED from anom\AndroidManifest.xml:44:13-56
activity#com.appspot.usbhidterminal.SettingsActivity
ADDED from anom\AndroidManifest.xml:48:9-51:20
	android:label
		ADDED from anom\AndroidManifest.xml:50:13-60
	android:name
		ADDED from anom\AndroidManifest.xml:49:13-45
=======
ADDED from anom\AndroidManifest.xml:2:1-59:12
	package
		ADDED from anom\AndroidManifest.xml:3:5-41
	android:versionName
		ADDED from anom\AndroidManifest.xml:5:5-32
		INJECTED from anom\AndroidManifest.xml
		INJECTED from anom\AndroidManifest.xml
	android:versionCode
		ADDED from anom\AndroidManifest.xml:4:5-29
		INJECTED from anom\AndroidManifest.xml
		INJECTED from anom\AndroidManifest.xml
	xmlns:android
		ADDED from anom\AndroidManifest.xml:2:11-69
uses-sdk
ADDED from anom\AndroidManifest.xml:7:5-9:41
MERGED from [com.android.support:support-v4:22.1.1] AndroidManifest.xml:20:5-43
MERGED from [com.android.support.constraint:constraint-layout:1.0.0-alpha9] AndroidManifest.xml:5:5-7:41
	android:targetSdkVersion
		ADDED from anom\AndroidManifest.xml:9:9-38
		INJECTED from anom\AndroidManifest.xml
		INJECTED from anom\AndroidManifest.xml
	android:minSdkVersion
		ADDED from anom\AndroidManifest.xml:8:9-35
		INJECTED from anom\AndroidManifest.xml
		INJECTED from anom\AndroidManifest.xml
uses-feature#android.hardware.usb.host
ADDED from anom\AndroidManifest.xml:11:5-62
	android:name
		ADDED from anom\AndroidManifest.xml:11:19-59
uses-permission#android.permission.USB_PERMISSION
ADDED from anom\AndroidManifest.xml:13:5-73
	android:name
		ADDED from anom\AndroidManifest.xml:13:22-70
uses-permission#android.permission.INTERNET
ADDED from anom\AndroidManifest.xml:14:5-67
	android:name
		ADDED from anom\AndroidManifest.xml:14:22-64
uses-permission#android.permission.ACCESS_NETWORK_STATE
ADDED from anom\AndroidManifest.xml:15:5-79
	android:name
		ADDED from anom\AndroidManifest.xml:15:22-76
uses-permission#android.permission.ACCESS_WIFI_STATE
ADDED from anom\AndroidManifest.xml:16:5-76
	android:name
		ADDED from anom\AndroidManifest.xml:16:22-73
uses-permission#android.permission.WRITE_SETTINGS
ADDED from anom\AndroidManifest.xml:17:5-18:23
	android:name
		ADDED from anom\AndroidManifest.xml:17:22-70
application
ADDED from anom\AndroidManifest.xml:20:5-57:19
MERGED from [com.android.support:support-v4:22.1.1] AndroidManifest.xml:22:5-20
MERGED from [com.android.support.constraint:constraint-layout:1.0.0-alpha9] AndroidManifest.xml:9:5-20
	android:label
		ADDED from anom\AndroidManifest.xml:24:9-41
	android:hardwareAccelerated
		ADDED from anom\AndroidManifest.xml:22:9-43
	android:allowBackup
		ADDED from anom\AndroidManifest.xml:21:9-35
	android:icon
		ADDED from anom\AndroidManifest.xml:23:9-45
	android:theme
		ADDED from anom\AndroidManifest.xml:25:9-40
activity#com.appspot.usbhidterminal.USBHIDTerminal
ADDED from anom\AndroidManifest.xml:26:9-38:20
	android:screenOrientation
		ADDED from anom\AndroidManifest.xml:29:13-49
	android:label
		ADDED from anom\AndroidManifest.xml:28:13-45
	android:name
		ADDED from anom\AndroidManifest.xml:27:13-43
intent-filter#android.hardware.usb.action.USB_DEVICE_ATTACHED+android.intent.action.MAIN+android.intent.category.LAUNCHER
ADDED from anom\AndroidManifest.xml:30:13-35:29
action#android.intent.action.MAIN
ADDED from anom\AndroidManifest.xml:31:17-69
	android:name
		ADDED from anom\AndroidManifest.xml:31:25-66
action#android.hardware.usb.action.USB_DEVICE_ATTACHED
ADDED from anom\AndroidManifest.xml:32:17-90
	android:name
		ADDED from anom\AndroidManifest.xml:32:25-87
category#android.intent.category.LAUNCHER
ADDED from anom\AndroidManifest.xml:33:17-77
	android:name
		ADDED from anom\AndroidManifest.xml:33:27-74
meta-data#android.hardware.usb.action.USB_DEVICE_ATTACHED
ADDED from anom\AndroidManifest.xml:36:13-37:61
	android:resource
		ADDED from anom\AndroidManifest.xml:37:17-58
	android:name
		ADDED from anom\AndroidManifest.xml:36:24-86
service#com.appspot.usbhidterminal.core.services.USBHIDService
ADDED from anom\AndroidManifest.xml:40:9-43:48
	android:label
		ADDED from anom\AndroidManifest.xml:43:13-45
	android:icon
		ADDED from anom\AndroidManifest.xml:42:13-49
	android:name
		ADDED from anom\AndroidManifest.xml:41:13-56
service#com.appspot.usbhidterminal.core.services.WebServerService
ADDED from anom\AndroidManifest.xml:44:9-47:50
	android:label
		ADDED from anom\AndroidManifest.xml:47:13-47
	android:icon
		ADDED from anom\AndroidManifest.xml:46:13-49
	android:name
		ADDED from anom\AndroidManifest.xml:45:13-59
service#com.appspot.usbhidterminal.core.services.SocketService
ADDED from anom\AndroidManifest.xml:48:9-51:53
	android:label
		ADDED from anom\AndroidManifest.xml:51:13-50
	android:icon
		ADDED from anom\AndroidManifest.xml:50:13-49
	android:name
		ADDED from anom\AndroidManifest.xml:49:13-56
activity#com.appspot.usbhidterminal.SettingsActivity
ADDED from anom\AndroidManifest.xml:53:9-56:20
	android:label
		ADDED from anom\AndroidManifest.xml:55:13-60
	android:name
		ADDED from anom\AndroidManifest.xml:54:13-45
>>>>>>> working